<?xml version="1.0" encoding="UTF-8"?>
<!-- Generated by org.testng.reporters.JUnitReportReporter -->
<testsuite hostname="DESKTOP-VQ7GF4C" name="pomDemoTest.LoginTest" tests="1" failures="0" timestamp="19 Jul 2018 14:37:21 GMT" time="7.984" errors="0">
  <testcase name="login" time="7.984" classname="pomDemoTest.LoginTest"/>
</testsuite> <!-- pomDemoTest.LoginTest -->
